<?xml version="1.0" encoding="UTF-8"?>
<!-- Generated by org.testng.reporters.JUnitReportReporter -->
<testsuite hostname="Shumson" failures="0" tests="1" name="com.tutorialninja.qa.test.Locator" time="29.125" errors="0" timestamp="2023-09-10T08:49:30 EDT" skipped="0">
  <testcase classname="com.tutorialninja.qa.test.Locator" name="searchLocator" time="29.125"/>
  <system-out/>
</testsuite> <!-- com.tutorialninja.qa.test.Locator -->
