<?xml version="1.0" encoding="UTF-8"?>
<!-- Generated by org.testng.reporters.JUnitReportReporter -->
<testsuite hostname="Shumson" failures="0" tests="1" name="com.tutorialninja.qa.test.Login1" time="32.818" errors="0" timestamp="2023-09-06T22:21:51 EDT" skipped="0">
  <testcase classname="com.tutorialninja.qa.test.Login1" name="verifyLoginWithValidCredentials" time="32.818"/>
  <system-out/>
</testsuite> <!-- com.tutorialninja.qa.test.Login1 -->
