<?xml version="1.0" encoding="UTF-8"?>
<!-- Generated by org.testng.reporters.JUnitReportReporter -->
<testsuite hostname="Shumson" failures="0" tests="1" name="com.tutorialninja.qa.test.Validationwebpage" time="11.085" errors="0" timestamp="2023-09-09T22:53:41 EDT" skipped="0">
  <testcase classname="com.tutorialninja.qa.test.Validationwebpage" name="validategetTitle" time="11.085"/>
  <system-out/>
</testsuite> <!-- com.tutorialninja.qa.test.Validationwebpage -->
