<?xml version="1.0" encoding="UTF-8"?>
<!-- Generated by org.testng.reporters.JUnitReportReporter -->
<testsuite hostname="Shumson" failures="0" tests="1" name="com.tutorialninja.qa.test.SeleniumActionsExample" time="42.216" errors="0" timestamp="2023-09-04T20:18:17 EDT" skipped="0">
  <testcase classname="com.tutorialninja.qa.test.SeleniumActionsExample" name="actiontest" time="42.216"/>
  <system-out/>
</testsuite> <!-- com.tutorialninja.qa.test.SeleniumActionsExample -->
