<?xml version="1.0" encoding="UTF-8"?>
<!-- Generated by org.testng.reporters.JUnitReportReporter -->
<testsuite hostname="Shumson" failures="0" tests="1" name="com.tutorialninja.qa.test.ExpectedClass" time="49.744" errors="0" timestamp="2023-09-08T17:18:44 EDT" skipped="0">
  <testcase classname="com.tutorialninja.qa.test.ExpectedClass" name="currentURL" time="49.744"/>
  <system-out/>
</testsuite> <!-- com.tutorialninja.qa.test.ExpectedClass -->
