<?xml version="1.0" encoding="UTF-8"?>
<!-- Generated by org.testng.reporters.JUnitReportReporter -->
<testsuite hostname="Shumson" failures="0" tests="5" name="tutorialninja.Login" time="52.763" errors="0" timestamp="2023-09-09T09:23:57 EDT" skipped="0">
  <testcase classname="tutorialninja.Login" name="verifyWithValidCredentials" time="11.251"/>
  <system-out/>
  <testcase classname="tutorialninja.Login" name="verifyLoginWithInvalidCredentials" time="9.620"/>
  <system-out/>
  <testcase classname="tutorialninja.Login" name="verifyLoginWithInvalidEmailAndValidPassword" time="10.183"/>
  <system-out/>
  <testcase classname="tutorialninja.Login" name="verifyLoginWithValidEmailAndInvalidPassword" time="11.683"/>
  <system-out/>
  <testcase classname="tutorialninja.Login" name="verifyLoginWithoutProvidingCredentials" time="10.026"/>
  <system-out/>
</testsuite> <!-- tutorialninja.Login -->
