<?xml version="1.0" encoding="UTF-8"?>
<!-- Generated by org.testng.reporters.JUnitReportReporter -->
<testsuite hostname="Shumson" failures="0" tests="1" name="com.tutorialninja.qa.test.SeleniumSimpleExample" time="15.946" errors="0" timestamp="2023-09-10T10:02:05 EDT" skipped="0">
  <testcase classname="com.tutorialninja.qa.test.SeleniumSimpleExample" name="validatingPage" time="15.946"/>
  <system-out/>
</testsuite> <!-- com.tutorialninja.qa.test.SeleniumSimpleExample -->
